
Total edges: 172 Nonterminal Edge 85
Must have more than 26 and less than 51 OR Edges
Best edge set: ['solid', 'solid', 'solid', 'solid', 'solid', 'solid', 'solid', 'solid', 'dashed', 'solid', 'solid', 'dashed', 'solid', 'dashed', 'solid', 'solid', 'solid', 'solid', 'solid', 'solid', 'solid', 'dashed', 'solid', 'dashed', 'solid', 'dashed', 'solid', 'solid', 'solid', 'solid', 'solid', 'dashed', 'solid', 'solid', 'solid', 'solid', 'solid', 'dashed', 'solid', 'solid', 'solid', 'dashed', 'dashed', 'dashed', 'dashed', 'dashed', 'dashed', 'solid', 'solid', 'solid', 'solid', 'solid', 'dashed', 'solid', 'solid', 'dashed', 'dashed', 'dashed', 'solid', 'solid', 'solid', 'solid', 'solid', 'solid', 'solid', 'solid', 'solid', 'solid', 'solid', 'solid', 'solid', 'solid', 'solid', 'solid', 'dashed', 'solid', 'solid', 'solid', 'solid', 'dashed', 'solid', 'solid', 'dashed', 'solid', 'solid']
Accuracy MVDD: [0.69662921 1.         0.97752809 0.70786517 1.        ]
Averaged acc for all 5 classes: 0.8764044943820224

Total edges: 152 Nonterminal Edge 75
Must have more than 22 and less than 45 OR Edges
Best edge set: ['solid', 'solid', 'solid', 'solid', 'solid', 'solid', 'solid', 'dashed', 'solid', 'solid', 'solid', 'solid', 'solid', 'dashed', 'solid', 'solid', 'dashed', 'solid', 'dashed', 'solid', 'dashed', 'solid', 'solid', 'dashed', 'solid', 'solid', 'solid', 'solid', 'solid', 'solid', 'dashed', 'solid', 'solid', 'solid', 'solid', 'solid', 'solid', 'solid', 'solid', 'solid', 'solid', 'solid', 'solid', 'solid', 'dashed', 'solid', 'solid', 'dashed', 'solid', 'dashed', 'solid', 'dashed', 'dashed', 'solid', 'dashed', 'solid', 'dashed', 'solid', 'solid', 'solid', 'solid', 'solid', 'solid', 'solid', 'dashed', 'dashed', 'solid', 'dashed', 'dashed', 'solid', 'solid', 'solid', 'solid', 'dashed', 'solid']
Accuracy MVDD: [0.7247191  1.         0.96067416 0.73033708 1.        ]
Averaged acc for all 5 classes: 0.8831460674157304

Total edges: 160 Nonterminal Edge 79
Must have more than 24 and less than 47 OR Edges
Best edge set: ['solid', 'solid', 'solid', 'solid', 'solid', 'dashed', 'solid', 'solid', 'solid', 'solid', 'solid', 'solid', 'dashed', 'dashed', 'solid', 'solid', 'dashed', 'solid', 'solid', 'solid', 'solid', 'solid', 'solid', 'dashed', 'dashed', 'dashed', 'dashed', 'dashed', 'solid', 'dashed', 'solid', 'solid', 'solid', 'dashed', 'solid', 'solid', 'solid', 'solid', 'solid', 'solid', 'solid', 'solid', 'dashed', 'dashed', 'dashed', 'dashed', 'solid', 'dashed', 'solid', 'solid', 'solid', 'solid', 'solid', 'solid', 'solid', 'solid', 'solid', 'solid', 'solid', 'solid', 'solid', 'solid', 'solid', 'solid', 'dashed', 'solid', 'solid', 'solid', 'solid', 'dashed', 'solid', 'solid', 'solid', 'solid', 'solid', 'solid', 'solid', 'solid', 'solid']
Accuracy MVDD: [0.73033708 1.         0.97752809 0.75280899 1.        ]
Averaged acc for all 5 classes: 0.8921348314606741

Total edges: 154 Nonterminal Edge 76
Must have more than 23 and less than 46 OR Edges
Best edge set: ['solid', 'dashed', 'solid', 'dashed', 'solid', 'solid', 'solid', 'solid', 'dashed', 'solid', 'solid', 'solid', 'dashed', 'solid', 'solid', 'dashed', 'solid', 'solid', 'solid', 'solid', 'solid', 'solid', 'solid', 'solid', 'solid', 'solid', 'solid', 'solid', 'solid', 'dashed', 'solid', 'dashed', 'solid', 'solid', 'dashed', 'dashed', 'solid', 'solid', 'solid', 'dashed', 'solid', 'solid', 'solid', 'solid', 'dashed', 'solid', 'solid', 'solid', 'solid', 'dashed', 'solid', 'solid', 'solid', 'solid', 'solid', 'solid', 'solid', 'dashed', 'dashed', 'solid', 'solid', 'solid', 'dashed', 'dashed', 'solid', 'solid', 'dashed', 'dashed', 'solid', 'dashed', 'solid', 'dashed', 'dashed', 'dashed', 'solid', 'solid']
Accuracy MVDD: [0.49438202 0.97752809 0.92696629 0.43258427 0.96629213]
Averaged acc for all 5 classes: 0.7595505617977528

Total edges: 146 Nonterminal Edge 72
Must have more than 22 and less than 43 OR Edges
Best edge set: ['solid', 'solid', 'solid', 'solid', 'solid', 'dashed', 'solid', 'solid', 'solid', 'solid', 'solid', 'solid', 'dashed', 'dashed', 'dashed', 'solid', 'solid', 'solid', 'solid', 'dashed', 'solid', 'solid', 'dashed', 'dashed', 'dashed', 'dashed', 'dashed', 'solid', 'solid', 'dashed', 'solid', 'solid', 'solid', 'solid', 'solid', 'solid', 'dashed', 'solid', 'solid', 'solid', 'solid', 'solid', 'solid', 'solid', 'dashed', 'dashed', 'solid', 'solid', 'solid', 'solid', 'solid', 'solid', 'solid', 'solid', 'solid', 'solid', 'solid', 'solid', 'solid', 'dashed', 'solid', 'dashed', 'dashed', 'solid', 'solid', 'dashed', 'dashed', 'solid', 'solid', 'solid', 'dashed', 'solid']
Accuracy MVDD: [0.69491525 1.         0.98305085 0.72316384 0.96610169]
Averaged acc for all 5 classes: 0.8734463276836157

*****Averaged Final Classification Results*****
Sensitivity (TPR): 0.490(±0.769)
Specificity (TNR): 0.874(±0.360)
Precision (PPV): 0.625(±0.660)
Negative Predictive Value (NPV): 0.878(±0.315)
FPR: 0.126(±0.360)
FNR: 0.510(±0.769)
Accuracy: 0.857(±0.336)
Averaged AUC: 0.670(±0.337)
