
Total edges: 172 Nonterminal Edge 85
Must have more than 26 and less than 51 OR Edges
Best edge set: ['solid', 'solid', 'solid', 'solid', 'solid', 'solid', 'dashed', 'solid', 'solid', 'solid', 'solid', 'solid', 'solid', 'dashed', 'solid', 'dashed', 'solid', 'solid', 'solid', 'solid', 'solid', 'solid', 'solid', 'solid', 'solid', 'solid', 'solid', 'solid', 'dashed', 'solid', 'solid', 'solid', 'solid', 'dashed', 'dashed', 'dashed', 'solid', 'dashed', 'solid', 'solid', 'solid', 'dashed', 'solid', 'solid', 'dashed', 'dashed', 'solid', 'dashed', 'solid', 'solid', 'solid', 'solid', 'solid', 'solid', 'dashed', 'solid', 'solid', 'solid', 'solid', 'solid', 'solid', 'dashed', 'solid', 'dashed', 'solid', 'solid', 'dashed', 'solid', 'dashed', 'solid', 'solid', 'solid', 'solid', 'solid', 'solid', 'dashed', 'solid', 'solid', 'solid', 'dashed', 'dashed', 'dashed', 'solid', 'solid', 'solid']
Accuracy MVDD: [0.7752809  0.97191011 1.         0.79775281 0.99438202]
Averaged acc for all 5 classes: 0.907865168539326

Total edges: 152 Nonterminal Edge 75
Must have more than 22 and less than 45 OR Edges
Best edge set: ['solid', 'solid', 'solid', 'solid', 'solid', 'solid', 'solid', 'dashed', 'dashed', 'dashed', 'solid', 'solid', 'solid', 'solid', 'dashed', 'solid', 'solid', 'dashed', 'solid', 'dashed', 'solid', 'dashed', 'solid', 'solid', 'solid', 'dashed', 'solid', 'solid', 'solid', 'solid', 'solid', 'dashed', 'solid', 'solid', 'solid', 'solid', 'solid', 'solid', 'solid', 'solid', 'solid', 'solid', 'solid', 'solid', 'solid', 'dashed', 'dashed', 'dashed', 'solid', 'solid', 'dashed', 'dashed', 'solid', 'solid', 'solid', 'solid', 'solid', 'solid', 'solid', 'solid', 'solid', 'solid', 'dashed', 'solid', 'solid', 'dashed', 'solid', 'solid', 'dashed', 'solid', 'solid', 'dashed', 'solid', 'solid', 'dashed']
Accuracy MVDD: [0.71348315 0.96629213 1.         0.7247191  1.        ]
Averaged acc for all 5 classes: 0.8808988764044944

Total edges: 160 Nonterminal Edge 79
Must have more than 24 and less than 47 OR Edges
Best edge set: ['solid', 'solid', 'solid', 'solid', 'dashed', 'dashed', 'solid', 'solid', 'dashed', 'solid', 'solid', 'solid', 'dashed', 'solid', 'solid', 'dashed', 'solid', 'dashed', 'solid', 'solid', 'solid', 'solid', 'dashed', 'solid', 'dashed', 'solid', 'dashed', 'solid', 'solid', 'solid', 'solid', 'solid', 'solid', 'solid', 'solid', 'solid', 'solid', 'solid', 'dashed', 'solid', 'solid', 'solid', 'solid', 'dashed', 'dashed', 'dashed', 'solid', 'solid', 'dashed', 'dashed', 'solid', 'solid', 'solid', 'solid', 'solid', 'solid', 'solid', 'solid', 'solid', 'solid', 'solid', 'solid', 'dashed', 'solid', 'solid', 'dashed', 'solid', 'dashed', 'solid', 'dashed', 'dashed', 'solid', 'solid', 'solid', 'solid', 'solid', 'dashed', 'solid', 'dashed']
Accuracy MVDD: [0.64044944 0.97752809 1.         0.65168539 1.        ]
Averaged acc for all 5 classes: 0.8539325842696629

Total edges: 154 Nonterminal Edge 76
Must have more than 23 and less than 46 OR Edges
Best edge set: ['solid', 'dashed', 'dashed', 'dashed', 'dashed', 'solid', 'solid', 'dashed', 'solid', 'solid', 'dashed', 'solid', 'solid', 'solid', 'dashed', 'dashed', 'solid', 'solid', 'solid', 'solid', 'solid', 'solid', 'solid', 'solid', 'solid', 'solid', 'solid', 'solid', 'solid', 'solid', 'dashed', 'solid', 'solid', 'solid', 'solid', 'dashed', 'dashed', 'solid', 'solid', 'dashed', 'solid', 'dashed', 'solid', 'solid', 'solid', 'solid', 'solid', 'dashed', 'solid', 'dashed', 'solid', 'solid', 'dashed', 'solid', 'solid', 'solid', 'solid', 'solid', 'solid', 'solid', 'solid', 'dashed', 'dashed', 'solid', 'solid', 'solid', 'dashed', 'solid', 'solid', 'solid', 'solid', 'dashed', 'dashed', 'solid', 'solid', 'dashed']
Accuracy MVDD: [0.48876404 0.97191011 0.92134831 0.4494382  0.96629213]
Averaged acc for all 5 classes: 0.7595505617977528

Total edges: 146 Nonterminal Edge 72
Must have more than 22 and less than 43 OR Edges
Best edge set: ['solid', 'solid', 'solid', 'solid', 'dashed', 'solid', 'solid', 'dashed', 'solid', 'solid', 'dashed', 'solid', 'solid', 'dashed', 'solid', 'dashed', 'solid', 'solid', 'dashed', 'solid', 'solid', 'solid', 'solid', 'solid', 'solid', 'solid', 'solid', 'solid', 'solid', 'dashed', 'solid', 'dashed', 'solid', 'dashed', 'dashed', 'solid', 'solid', 'solid', 'solid', 'dashed', 'solid', 'solid', 'solid', 'solid', 'solid', 'dashed', 'solid', 'dashed', 'solid', 'solid', 'solid', 'solid', 'solid', 'solid', 'solid', 'dashed', 'solid', 'dashed', 'solid', 'solid', 'solid', 'dashed', 'solid', 'solid', 'solid', 'solid', 'solid', 'solid', 'solid', 'solid', 'solid', 'dashed']
Accuracy MVDD: [0.69491525 0.97740113 1.         0.72881356 0.96610169]
Averaged acc for all 5 classes: 0.8734463276836157

*****Averaged Final Classification Results*****
Sensitivity (TPR): 0.517(±0.786)
Specificity (TNR): 0.870(±0.371)
Precision (PPV): 0.574(±0.626)
Negative Predictive Value (NPV): 0.876(±0.320)
FPR: 0.130(±0.371)
FNR: 0.483(±0.786)
Accuracy: 0.855(±0.339)
Averaged AUC: 0.681(±0.358)
