
Total edges: 172 Nonterminal Edge 85
Must have more than 26 and less than 51 OR Edges
Best edge set: ['solid', 'solid', 'solid', 'solid', 'solid', 'solid', 'dashed', 'dashed', 'solid', 'solid', 'solid', 'dashed', 'solid', 'solid', 'solid', 'solid', 'solid', 'solid', 'solid', 'solid', 'solid', 'solid', 'dashed', 'solid', 'solid', 'solid', 'solid', 'solid', 'solid', 'solid', 'solid', 'solid', 'solid', 'solid', 'solid', 'dashed', 'dashed', 'solid', 'solid', 'solid', 'dashed', 'dashed', 'dashed', 'solid', 'dashed', 'dashed', 'solid', 'solid', 'dashed', 'dashed', 'solid', 'dashed', 'dashed', 'solid', 'solid', 'dashed', 'solid', 'dashed', 'solid', 'solid', 'solid', 'solid', 'dashed', 'dashed', 'solid', 'dashed', 'solid', 'solid', 'solid', 'solid', 'solid', 'dashed', 'solid', 'dashed', 'solid', 'solid', 'dashed', 'solid', 'solid', 'solid', 'solid', 'solid', 'dashed', 'solid', 'dashed']
Accuracy MVDD: [0.97752809 0.79775281 0.79775281 0.96629213 1.        ]
Averaged acc for all 5 classes: 0.9078651685393258

Total edges: 152 Nonterminal Edge 75
Must have more than 22 and less than 45 OR Edges
Best edge set: ['solid', 'solid', 'solid', 'solid', 'solid', 'solid', 'solid', 'dashed', 'solid', 'dashed', 'dashed', 'solid', 'solid', 'solid', 'dashed', 'solid', 'solid', 'solid', 'dashed', 'dashed', 'solid', 'solid', 'dashed', 'dashed', 'dashed', 'solid', 'solid', 'solid', 'solid', 'solid', 'solid', 'dashed', 'solid', 'dashed', 'solid', 'solid', 'solid', 'solid', 'solid', 'solid', 'solid', 'solid', 'solid', 'dashed', 'solid', 'solid', 'dashed', 'solid', 'solid', 'solid', 'dashed', 'solid', 'dashed', 'solid', 'solid', 'solid', 'dashed', 'dashed', 'dashed', 'solid', 'solid', 'solid', 'solid', 'solid', 'dashed', 'dashed', 'solid', 'solid', 'solid', 'solid', 'solid', 'dashed', 'solid', 'solid', 'solid']
Accuracy MVDD: [0.96067416 0.70224719 0.70786517 1.         1.        ]
Averaged acc for all 5 classes: 0.8741573033707866

Total edges: 160 Nonterminal Edge 79
Must have more than 24 and less than 47 OR Edges
Best edge set: ['solid', 'solid', 'solid', 'solid', 'solid', 'solid', 'solid', 'solid', 'solid', 'solid', 'solid', 'dashed', 'solid', 'solid', 'solid', 'solid', 'solid', 'solid', 'dashed', 'solid', 'solid', 'dashed', 'solid', 'solid', 'dashed', 'dashed', 'solid', 'solid', 'dashed', 'solid', 'solid', 'dashed', 'solid', 'solid', 'dashed', 'solid', 'solid', 'solid', 'solid', 'solid', 'dashed', 'dashed', 'solid', 'solid', 'solid', 'dashed', 'dashed', 'solid', 'solid', 'dashed', 'solid', 'solid', 'dashed', 'solid', 'solid', 'solid', 'solid', 'solid', 'solid', 'solid', 'solid', 'solid', 'solid', 'solid', 'dashed', 'dashed', 'solid', 'solid', 'solid', 'solid', 'dashed', 'solid', 'solid', 'dashed', 'solid', 'solid', 'dashed', 'solid', 'solid']
Accuracy MVDD: [0.97752809 0.71348315 0.73595506 1.         1.        ]
Averaged acc for all 5 classes: 0.8853932584269663

Total edges: 154 Nonterminal Edge 76
Must have more than 23 and less than 46 OR Edges
Best edge set: ['solid', 'solid', 'solid', 'solid', 'dashed', 'dashed', 'dashed', 'dashed', 'dashed', 'solid', 'dashed', 'solid', 'dashed', 'solid', 'solid', 'solid', 'dashed', 'solid', 'solid', 'solid', 'dashed', 'solid', 'solid', 'solid', 'solid', 'solid', 'solid', 'dashed', 'solid', 'dashed', 'solid', 'solid', 'solid', 'solid', 'solid', 'dashed', 'solid', 'solid', 'dashed', 'solid', 'solid', 'solid', 'solid', 'dashed', 'dashed', 'solid', 'solid', 'solid', 'solid', 'solid', 'solid', 'solid', 'solid', 'solid', 'dashed', 'solid', 'solid', 'dashed', 'solid', 'solid', 'solid', 'solid', 'solid', 'solid', 'solid', 'dashed', 'solid', 'solid', 'dashed', 'solid', 'solid', 'dashed', 'solid', 'solid', 'solid', 'dashed']
Accuracy MVDD: [0.97752809 0.8258427  0.8258427  0.96067416 0.99438202]
Averaged acc for all 5 classes: 0.9168539325842697

Total edges: 146 Nonterminal Edge 72
Must have more than 22 and less than 43 OR Edges
Best edge set: ['solid', 'solid', 'solid', 'solid', 'solid', 'dashed', 'solid', 'solid', 'solid', 'solid', 'solid', 'dashed', 'dashed', 'dashed', 'solid', 'solid', 'solid', 'solid', 'solid', 'solid', 'solid', 'solid', 'solid', 'dashed', 'solid', 'dashed', 'solid', 'solid', 'solid', 'dashed', 'solid', 'solid', 'dashed', 'solid', 'solid', 'solid', 'solid', 'solid', 'solid', 'solid', 'solid', 'solid', 'solid', 'solid', 'dashed', 'solid', 'solid', 'solid', 'solid', 'dashed', 'solid', 'dashed', 'solid', 'solid', 'solid', 'solid', 'solid', 'solid', 'solid', 'dashed', 'dashed', 'solid', 'dashed', 'solid', 'solid', 'dashed', 'dashed', 'solid', 'solid', 'solid', 'dashed', 'solid']
Accuracy MVDD: [0.98305085 0.66666667 0.69491525 0.96610169 1.        ]
Averaged acc for all 5 classes: 0.8621468926553671

*****Averaged Final Classification Results*****
Sensitivity (TPR): 0.488(±0.741)
Specificity (TNR): 0.897(±0.264)
Precision (PPV): 0.625(±0.638)
Negative Predictive Value (NPV): 0.900(±0.244)
FPR: 0.103(±0.264)
FNR: 0.512(±0.741)
Accuracy: 0.889(±0.244)
Averaged AUC: 0.683(±0.305)
