
Total edges: 38 Nonterminal Edge 18
Must have more than 5 and less than 11 OR Edges
Best edge set: ['solid', 'solid', 'solid', 'solid', 'solid', 'solid', 'solid', 'dashed', 'solid', 'solid', 'solid', 'solid', 'dashed', 'solid', 'solid', 'solid', 'dashed', 'dashed']
Accuracy MVDD: [0.91666667 1.         1.         0.91666667 1.        ]
Averaged acc for all 5 classes: 0.9666666666666666

Total edges: 40 Nonterminal Edge 19
Must have more than 6 and less than 11 OR Edges
Best edge set: ['solid', 'solid', 'solid', 'solid', 'solid', 'solid', 'solid', 'solid', 'dashed', 'solid', 'solid', 'solid', 'dashed', 'solid', 'solid', 'dashed', 'dashed', 'solid', 'solid']
Accuracy MVDD: [0.91666667 1.         1.         0.91666667 1.        ]
Averaged acc for all 5 classes: 0.9666666666666666

Total edges: 44 Nonterminal Edge 21
Must have more than 6 and less than 13 OR Edges
Best edge set: ['solid', 'solid', 'solid', 'solid', 'solid', 'solid', 'solid', 'dashed', 'dashed', 'dashed', 'dashed', 'solid', 'solid', 'solid', 'solid', 'solid', 'solid', 'solid', 'solid', 'solid', 'solid']
Accuracy MVDD: [0.88095238 1.         1.         0.88095238 1.        ]
Averaged acc for all 5 classes: 0.9523809523809523

Total edges: 46 Nonterminal Edge 22
Must have more than 7 and less than 13 OR Edges
Best edge set: ['solid', 'solid', 'solid', 'solid', 'solid', 'dashed', 'solid', 'dashed', 'dashed', 'solid', 'dashed', 'solid', 'solid', 'solid', 'solid', 'solid', 'solid', 'dashed', 'solid', 'solid', 'solid', 'dashed']
Accuracy MVDD: [0.89156627 1.         1.         0.89156627 1.        ]
Averaged acc for all 5 classes: 0.9566265060240964

Total edges: 36 Nonterminal Edge 17
Must have more than 5 and less than 10 OR Edges
Best edge set: ['solid', 'solid', 'solid', 'solid', 'solid', 'solid', 'solid', 'solid', 'solid', 'dashed', 'solid', 'dashed', 'solid', 'solid', 'dashed', 'solid', 'solid']
Accuracy MVDD: [0.90361446 1.         1.         0.90361446 1.        ]
Averaged acc for all 5 classes: 0.9614457831325302

*****Averaged Final Classification Results*****
Sensitivity (TPR): 0.942(±0.168)
Specificity (TNR): 0.970(±0.085)
Precision (PPV): 0.944(±0.154)
Negative Predictive Value (NPV): 0.971(±0.081)
FPR: 0.030(±0.085)
FNR: 0.058(±0.168)
Accuracy: 0.961(±0.098)
Averaged AUC: 0.956(±0.111)
