
Total edges: 38 Nonterminal Edge 18
Must have more than 5 and less than 11 OR Edges
Best edge set: ['solid', 'solid', 'solid', 'solid', 'solid', 'dashed', 'solid', 'dashed', 'solid', 'solid', 'solid', 'solid', 'solid', 'dashed', 'solid', 'dashed', 'solid', 'solid']
Accuracy MVDD: [1.         1.         0.92857143 1.         0.92857143]
Averaged acc for all 5 classes: 0.9714285714285715

Total edges: 40 Nonterminal Edge 19
Must have more than 6 and less than 11 OR Edges
Best edge set: ['solid', 'solid', 'solid', 'solid', 'solid', 'dashed', 'solid', 'dashed', 'dashed', 'dashed', 'solid', 'solid', 'solid', 'solid', 'dashed', 'dashed', 'solid', 'solid', 'solid']
Accuracy MVDD: [1.         1.         0.91666667 1.         0.91666667]
Averaged acc for all 5 classes: 0.9666666666666666

Total edges: 44 Nonterminal Edge 21
Must have more than 6 and less than 13 OR Edges
Best edge set: ['solid', 'solid', 'solid', 'solid', 'solid', 'solid', 'solid', 'solid', 'dashed', 'dashed', 'dashed', 'solid', 'solid', 'solid', 'solid', 'solid', 'solid', 'solid', 'solid', 'dashed', 'solid']
Accuracy MVDD: [1.         1.         0.88095238 1.         0.88095238]
Averaged acc for all 5 classes: 0.9523809523809523

Total edges: 46 Nonterminal Edge 22
Must have more than 7 and less than 13 OR Edges
Best edge set: ['solid', 'solid', 'solid', 'solid', 'solid', 'dashed', 'solid', 'solid', 'solid', 'dashed', 'solid', 'solid', 'solid', 'solid', 'solid', 'solid', 'solid', 'dashed', 'dashed', 'dashed', 'solid', 'solid']
Accuracy MVDD: [1.         1.         0.92771084 1.         0.92771084]
Averaged acc for all 5 classes: 0.9710843373493976

Total edges: 36 Nonterminal Edge 17
Must have more than 5 and less than 10 OR Edges
Best edge set: ['solid', 'solid', 'solid', 'solid', 'solid', 'solid', 'solid', 'dashed', 'solid', 'solid', 'solid', 'dashed', 'solid', 'solid', 'dashed', 'solid', 'solid']
Accuracy MVDD: [1.         1.         0.89156627 1.         0.89156627]
Averaged acc for all 5 classes: 0.9566265060240964

*****Averaged Final Classification Results*****
Sensitivity (TPR): 0.946(±0.152)
Specificity (TNR): 0.973(±0.077)
Precision (PPV): 0.947(±0.142)
Negative Predictive Value (NPV): 0.973(±0.074)
FPR: 0.027(±0.077)
FNR: 0.054(±0.152)
Accuracy: 0.964(±0.092)
Averaged AUC: 0.959(±0.105)
