
Total edges: 38 Nonterminal Edge 18
Must have more than 5 and less than 11 OR Edges
Best edge set: ['solid', 'solid', 'solid', 'solid', 'solid', 'solid', 'solid', 'dashed', 'solid', 'solid', 'solid', 'solid', 'solid', 'solid', 'solid', 'solid', 'dashed', 'dashed']
Accuracy MVDD: [1.         1.         0.91666667 1.         0.91666667]
Averaged acc for all 5 classes: 0.9666666666666666

Total edges: 40 Nonterminal Edge 19
Must have more than 6 and less than 11 OR Edges
Best edge set: ['solid', 'solid', 'solid', 'solid', 'solid', 'solid', 'solid', 'dashed', 'dashed', 'dashed', 'solid', 'solid', 'solid', 'solid', 'solid', 'dashed', 'solid', 'solid', 'solid']
Accuracy MVDD: [1.         1.         0.91666667 1.         0.91666667]
Averaged acc for all 5 classes: 0.9666666666666666

Total edges: 44 Nonterminal Edge 21
Must have more than 6 and less than 13 OR Edges
Best edge set: ['solid', 'solid', 'solid', 'solid', 'solid', 'solid', 'solid', 'solid', 'dashed', 'dashed', 'dashed', 'solid', 'solid', 'dashed', 'solid', 'solid', 'solid', 'solid', 'solid', 'solid', 'solid']
Accuracy MVDD: [1.         1.         0.88095238 1.         0.88095238]
Averaged acc for all 5 classes: 0.9523809523809523

Total edges: 46 Nonterminal Edge 22
Must have more than 7 and less than 13 OR Edges
Best edge set: ['solid', 'solid', 'solid', 'solid', 'solid', 'dashed', 'solid', 'solid', 'solid', 'dashed', 'solid', 'solid', 'solid', 'solid', 'solid', 'solid', 'solid', 'solid', 'solid', 'dashed', 'solid', 'dashed']
Accuracy MVDD: [1.         1.         0.91566265 1.         0.91566265]
Averaged acc for all 5 classes: 0.9662650602409638

Total edges: 36 Nonterminal Edge 17
Must have more than 5 and less than 10 OR Edges
Best edge set: ['solid', 'solid', 'solid', 'solid', 'solid', 'solid', 'solid', 'solid', 'solid', 'dashed', 'solid', 'dashed', 'solid', 'solid', 'dashed', 'solid', 'solid']
Accuracy MVDD: [1.         1.         0.90361446 1.         0.90361446]
Averaged acc for all 5 classes: 0.9614457831325302

*****Averaged Final Classification Results*****
Sensitivity (TPR): 0.945(±0.153)
Specificity (TNR): 0.972(±0.077)
Precision (PPV): 0.946(±0.144)
Negative Predictive Value (NPV): 0.972(±0.075)
FPR: 0.028(±0.077)
FNR: 0.055(±0.153)
Accuracy: 0.963(±0.093)
Averaged AUC: 0.958(±0.105)
